info  Running SUSHI v3.18.1 (implements FHIR Shorthand specification v3.0.0)
info  Arguments:
info    C:\Users\hpreet\Documents\FHIR_work\cinc-fhir-ig
info  No output path specified. Output to .
info  Using configuration file: C:\Users\hpreet\Documents\FHIR_work\cinc-fhir-ig\sushi-config.yaml
info  Importing FSH text...
warn  RuleSet answerItemX contains unused parameter: prefix
  File: C:\Users\hpreet\Documents\FHIR_work\cinc-fhir-ig\input\fsh\rulesets\QuestionnaireMacros.fsh
  Line: 92 - 94
info  Preprocessed 180 documents with 74 aliases.
info  Imported 123 definitions and 119 instances.
warn  Detected FSH entity definitions with duplicate names. While FSH allows for duplicate names across entity types, they can lead to ambiguous results when referring to these entities by name elsewhere (e.g., in references). Consider using unique names in FSH declarations and assigning duplicated names using caret assignment rules instead. Detected duplicate names: PatientCohort, NZPurposeOfUse.
info  Loaded virtual package sushi-r5forR4#1.0.0 with 7 resources
info  Resolved hl7.fhir.uv.tools.r4#latest to concrete version 1.1.0
info  Loaded hl7.fhir.uv.tools.r4#1.1.0 with 119 resources
info  Loaded hl7.terminology.r4#6.5.0 with 4392 resources
info  Loaded fhir.org.nz.ig.base#3.0.1 with 120 resources
info  Loaded hl7.fhir.uv.sdc#3.0.0 with 105 resources
info  Loaded tewhatuora.digitaltooling#0.0.11 with 6 resources
info  Loaded hl7.fhir.r4.core#4.0.1 with 4581 resources
info  Resolved hl7.fhir.uv.extensions.r4#latest to concrete version 5.2.0
info  Loaded hl7.fhir.uv.extensions.r4#5.2.0 with 759 resources
info  Loaded virtual package sushi-local#LOCAL with 1 resources
info  Converting FSH to FHIR resources...
warn  At least one slice of Patient.name.extension has a max greater than the overall element max. The max of the following slice(s) has been reduced to match the max of Patient.name.extension: information-source
info  Converted 72 FHIR StructureDefinitions.
info  Converted 22 FHIR CodeSystems.
info  Converted 29 FHIR ValueSets.
info  Converted 119 FHIR instances.
info  Exporting FHIR resources as JSON...
info  Exported 235 FHIR resources as JSON.
info  Assembling Implementation Guide sources...
warn  Resource at C:\Users\hpreet\Documents\FHIR_work\cinc-fhir-ig\input\resources\ViewDefinition-RemoteMonitoringViewDefinition.json is missing id.
info  Generated ImplementationGuide-tewhatuora.sharedcare.json
info  Assembled Implementation Guide sources; ready for IG Publisher.

========================= SUSHI RESULTS ===========================
|  -------------------------------------------------------------  |
| |    Profiles   |  Extensions  |   Logicals   |   Resources   | |
| |-------------------------------------------------------------| |
| |      35       |      37      |      0       |       0       | |
|  -------------------------------------------------------------  |
|  -------------------------------------------------------------  |
| |      ValueSets     |    CodeSystems    |     Instances      | |
| |-------------------------------------------------------------| |
| |         29         |        22         |        119         | |
|  -------------------------------------------------------------  |
|                                                                 |
===================================================================
| This looks a bit fishy.                0 Errors      4 Warnings |
===================================================================

